<?xml version="1.0" encoding="UTF-8"?>
<!-- Generated by org.testng.reporters.JUnitXMLReporter -->
<testsuite ignored="0" hostname="LAPTOP-4T0QT2ND" failures="0" tests="3" name="Test" time="6.134" errors="0" timestamp="2022-04-10T13:59:45 IST">
  <testcase classname="com.qa.testCase.LoginTestCase" name="verifyLoginPage" time="0.067"/>
  <testcase classname="com.qa.testCase.LoginTestCase" name="verifyLoginbuttonPage" time="0.073"/>
  <testcase classname="com.qa.testCase.LoginTestCase" name="verifyPasswordPage" time="0.085"/>
</testsuite> <!-- Test -->
